The MPI test test_mpi for C in mode normal failed to compile with the following output:
Change Dir: C:/Users/Igor/ProgProjects/OPP/OPPlab1/cmake-build-debug/CMakeFiles/CMakeTmp

Run Build Command(s):C:/PROGRA~1/MINGW-~1/X86_64~1.0-P/mingw64/bin/mingw32-make.exe cmTC_85495/fast && C:/PROGRA~1/MINGW-~1/X86_64~1.0-P/mingw64/bin/mingw32-make.exe  -f CMakeFiles\cmTC_85495.dir\build.make CMakeFiles/cmTC_85495.dir/build
mingw32-make.exe[1]: Entering directory 'C:/Users/Igor/ProgProjects/OPP/OPPlab1/cmake-build-debug/CMakeFiles/CMakeTmp'
Building C object CMakeFiles/cmTC_85495.dir/test_mpi.c.obj
C:\PROGRA~1\MINGW-~1\X86_64~1.0-P\mingw64\bin\gcc.exe    -o CMakeFiles\cmTC_85495.dir\test_mpi.c.obj   -c "C:\Program Files\JetBrains\CLion 2019.3\bin\cmake\win\share\cmake-3.17\Modules\FindMPI\test_mpi.c"
C:\Program Files\JetBrains\CLion 2019.3\bin\cmake\win\share\cmake-3.17\Modules\FindMPI\test_mpi.c:1:10: fatal error: mpi.h: No such file or directory
 #include <mpi.h>
          ^~~~~~~
compilation terminated.
mingw32-make.exe[1]: *** [CMakeFiles\cmTC_85495.dir\build.make:85: CMakeFiles/cmTC_85495.dir/test_mpi.c.obj] Error 1
mingw32-make.exe[1]: Leaving directory 'C:/Users/Igor/ProgProjects/OPP/OPPlab1/cmake-build-debug/CMakeFiles/CMakeTmp'
mingw32-make.exe: *** [Makefile:140: cmTC_85495/fast] Error 2



The MPI test test_mpi for CXX in mode normal failed to compile with the following output:
Change Dir: C:/Users/Igor/ProgProjects/OPP/OPPlab1/cmake-build-debug/CMakeFiles/CMakeTmp

Run Build Command(s):C:/PROGRA~1/MINGW-~1/X86_64~1.0-P/mingw64/bin/mingw32-make.exe cmTC_e31fe/fast && C:/PROGRA~1/MINGW-~1/X86_64~1.0-P/mingw64/bin/mingw32-make.exe  -f CMakeFiles\cmTC_e31fe.dir\build.make CMakeFiles/cmTC_e31fe.dir/build
mingw32-make.exe[1]: Entering directory 'C:/Users/Igor/ProgProjects/OPP/OPPlab1/cmake-build-debug/CMakeFiles/CMakeTmp'
Building CXX object CMakeFiles/cmTC_e31fe.dir/test_mpi.cpp.obj
C:\PROGRA~1\MINGW-~1\X86_64~1.0-P\mingw64\bin\G__~1.EXE    -std=gnu++14 -o CMakeFiles\cmTC_e31fe.dir\test_mpi.cpp.obj -c C:\Users\Igor\ProgProjects\OPP\OPPlab1\cmake-build-debug\CMakeFiles\FindMPI\test_mpi.cpp
C:\Users\Igor\ProgProjects\OPP\OPPlab1\cmake-build-debug\CMakeFiles\FindMPI\test_mpi.cpp:1:10: fatal error: mpi.h: No such file or directory
 #include <mpi.h>
          ^~~~~~~
compilation terminated.
mingw32-make.exe[1]: *** [CMakeFiles\cmTC_e31fe.dir\build.make:85: CMakeFiles/cmTC_e31fe.dir/test_mpi.cpp.obj] Error 1
mingw32-make.exe[1]: Leaving directory 'C:/Users/Igor/ProgProjects/OPP/OPPlab1/cmake-build-debug/CMakeFiles/CMakeTmp'
mingw32-make.exe: *** [Makefile:140: cmTC_e31fe/fast] Error 2



